<?xml version="1.0" encoding="UTF-8"?>
<!-- Generated by org.testng.reporters.JUnitXMLReporter -->
<testsuite ignored="0" hostname="Mrunal" failures="0" tests="3" name="Free CRM App Test Cases" time="36.473" errors="0" timestamp="2023-02-17T21:05:38 IST">
  <testcase classname="com.bridgelabz_qa_framework.FbLoginExcel" name="loginToFb" time="13.001"/>
  <testcase classname="com.bridgelabz_qa_framework.FbLoginExcel" name="loginToFb" time="8.768"/>
  <testcase classname="com.bridgelabz_qa_framework.FbLoginExcel" name="loginToFb" time="11.451"/>
</testsuite> <!-- Free CRM App Test Cases -->
