<?xml version="1.0" encoding="UTF-8"?>
<testng-results ignored="0" total="3" passed="3" failed="0" skipped="0">
  <reporter-output>
  </reporter-output>
  <suite started-at="2023-02-24T19:21:36 IST" name="Default suite" finished-at="2023-02-24T19:22:08 IST" duration-ms="32510">
    <groups>
    </groups>
    <test started-at="2023-02-24T19:21:36 IST" name="Default test" finished-at="2023-02-24T19:22:08 IST" duration-ms="32510">
      <class name="com.bridgelabz.qa.POM.PageTest.HomePageTest">
        <test-method is-config="true" signature="setUp()[pri:0, instance:com.bridgelabz.qa.POM.PageTest.HomePageTest@432038ec]" started-at="2023-02-24T19:21:36 IST" name="setUp" finished-at="2023-02-24T19:21:41 IST" duration-ms="5101" status="PASS">
          <reporter-output>
          </reporter-output>
        </test-method> <!-- setUp -->
        <test-method signature="homePageTitleTest()[pri:1, instance:com.bridgelabz.qa.POM.PageTest.HomePageTest@432038ec]" started-at="2023-02-24T19:21:41 IST" name="homePageTitleTest" finished-at="2023-02-24T19:21:46 IST" duration-ms="4351" status="PASS">
          <reporter-output>
          </reporter-output>
        </test-method> <!-- homePageTitleTest -->
        <test-method is-config="true" signature="tearDown()[pri:0, instance:com.bridgelabz.qa.POM.PageTest.HomePageTest@432038ec]" started-at="2023-02-24T19:21:46 IST" name="tearDown" finished-at="2023-02-24T19:21:46 IST" duration-ms="452" status="PASS">
          <reporter-output>
          </reporter-output>
        </test-method> <!-- tearDown -->
        <test-method is-config="true" signature="setUp()[pri:0, instance:com.bridgelabz.qa.POM.PageTest.HomePageTest@432038ec]" started-at="2023-02-24T19:21:46 IST" name="setUp" finished-at="2023-02-24T19:21:49 IST" duration-ms="3146" status="PASS">
          <reporter-output>
          </reporter-output>
        </test-method> <!-- setUp -->
        <test-method signature="verifyUSerNameTest()[pri:2, instance:com.bridgelabz.qa.POM.PageTest.HomePageTest@432038ec]" started-at="2023-02-24T19:21:49 IST" name="verifyUSerNameTest" finished-at="2023-02-24T19:21:57 IST" duration-ms="7633" status="PASS">
          <reporter-output>
          </reporter-output>
        </test-method> <!-- verifyUSerNameTest -->
        <test-method is-config="true" signature="tearDown()[pri:0, instance:com.bridgelabz.qa.POM.PageTest.HomePageTest@432038ec]" started-at="2023-02-24T19:21:57 IST" name="tearDown" finished-at="2023-02-24T19:21:57 IST" duration-ms="515" status="PASS">
          <reporter-output>
          </reporter-output>
        </test-method> <!-- tearDown -->
        <test-method is-config="true" signature="setUp()[pri:0, instance:com.bridgelabz.qa.POM.PageTest.HomePageTest@432038ec]" started-at="2023-02-24T19:21:57 IST" name="setUp" finished-at="2023-02-24T19:22:01 IST" duration-ms="3541" status="PASS">
          <reporter-output>
          </reporter-output>
        </test-method> <!-- setUp -->
        <test-method signature="verifyFriendPage()[pri:3, instance:com.bridgelabz.qa.POM.PageTest.HomePageTest@432038ec]" started-at="2023-02-24T19:22:01 IST" name="verifyFriendPage" finished-at="2023-02-24T19:22:08 IST" duration-ms="7176" status="PASS">
          <reporter-output>
          </reporter-output>
        </test-method> <!-- verifyFriendPage -->
        <test-method is-config="true" signature="tearDown()[pri:0, instance:com.bridgelabz.qa.POM.PageTest.HomePageTest@432038ec]" started-at="2023-02-24T19:22:08 IST" name="tearDown" finished-at="2023-02-24T19:22:08 IST" duration-ms="313" status="PASS">
          <reporter-output>
          </reporter-output>
        </test-method> <!-- tearDown -->
      </class> <!-- com.bridgelabz.qa.POM.PageTest.HomePageTest -->
    </test> <!-- Default test -->
  </suite> <!-- Default suite -->
</testng-results>
