<?xml version="1.0" encoding="UTF-8"?>
<!-- Generated by org.testng.reporters.JUnitXMLReporter -->
<testsuite ignored="0" hostname="Mrunal" failures="0" tests="3" name="Default test" time="32.51" errors="0" timestamp="2023-02-24T19:22:08 IST">
  <testcase classname="com.bridgelabz.qa.POM.PageTest.HomePageTest" name="homePageTitleTest" time="4.351"/>
  <testcase classname="com.bridgelabz.qa.POM.PageTest.HomePageTest" name="verifyUSerNameTest" time="7.633"/>
  <testcase classname="com.bridgelabz.qa.POM.PageTest.HomePageTest" name="verifyFriendPage" time="7.176"/>
</testsuite> <!-- Default test -->
