<?xml version="1.0" encoding="UTF-8"?>
<!-- Generated by org.testng.reporters.JUnitXMLReporter -->
<testsuite ignored="0" hostname="Mrunal" failures="0" tests="3" name="Free CRM App Test Cases" time="27.288" errors="0" timestamp="2023-02-23T19:46:32 IST">
  <testcase classname="com.bridgelabz.qa.datadrivrnframework.FbLoginExcel" name="loginToFb" time="9.519"/>
  <testcase classname="com.bridgelabz.qa.datadrivrnframework.FbLoginExcel" name="loginToFb" time="7.88"/>
  <testcase classname="com.bridgelabz.qa.datadrivrnframework.FbLoginExcel" name="loginToFb" time="7.697"/>
</testsuite> <!-- Free CRM App Test Cases -->
